<?xml version="1.0" encoding="UTF-8"?>
<!-- Generated by org.testng.reporters.JUnitReportReporter -->
<testsuite hostname="CDC2-L-HJBWT93" failures="0" tests="1" name="com.qa.base.TestBse" time="0.009" errors="0" timestamp="2021-06-29T15:05:02 IST" skipped="0">
  <testcase classname="com.qa.base.TestBse" name="Base" time="0.009"/>
  <system-out/>
</testsuite> <!-- com.qa.base.TestBse -->
