<?xml version="1.0" encoding="UTF-8"?>
<!-- Generated by org.testng.reporters.JUnitReportReporter -->
<testsuite hostname="CDC2-L-HJBWT93" failures="0" tests="1" name="com.qa.tests.PostApiTest" time="1.234" errors="0" timestamp="2021-06-30T09:45:05 IST" skipped="0">
  <testcase classname="com.qa.tests.PostApiTest" name="postAPITest" time="1.234"/>
  <system-out/>
</testsuite> <!-- com.qa.tests.PostApiTest -->
