<?xml version="1.0" encoding="UTF-8"?>
<!-- Generated by org.testng.reporters.JUnitReportReporter -->
<testsuite hostname="CDC2-L-HJBWT93" failures="0" tests="2" name="com.qa.tests.GetApiTest" time="0.846" errors="0" timestamp="2021-06-30T09:48:02 IST" skipped="0">
  <testcase classname="com.qa.tests.GetApiTest" name="getAPITestWithoutHeaders" time="0.677"/>
  <system-out/>
  <testcase classname="com.qa.tests.GetApiTest" name="getAPITestWithHeaders" time="0.169"/>
  <system-out/>
</testsuite> <!-- com.qa.tests.GetApiTest -->
